<?xml version="1.0" encoding="UTF-8"?>
<!-- Generated by org.testng.reporters.JUnitReportReporter -->
<testsuite hostname="DESKTOP-A2FI9VO" failures="0" tests="1" name="org.vtiger.Practices.AllureTest" time="0.145" errors="0" timestamp="2022-07-28T17:48:07 IST" skipped="0">
  <testcase classname="org.vtiger.Practices.AllureTest" name="display" time="0.145"/>
  <system-out/>
</testsuite> <!-- org.vtiger.Practices.AllureTest -->
